app/build/intermediates/manifest_merge_blame_file/debug/manifest-merger-blame-debug-report.txt
1<?xml version="1.0" encoding="utf-8"?>
2<manifest xmlns:android="http://schemas.android.com/apk/res/android"
3    package="com.example.app1"
4    android:versionCode="1"
5    android:versionName="1.0" >
6
7    <uses-sdk
8        android:minSdkVersion="14"
8-->src\main\AndroidManifest.xml
9        android:targetSdkVersion="30" />
9-->src\main\AndroidManifest.xml
10
11    <application
11-->src\main\AndroidManifest.xml:5:5-27:19
12        android:allowBackup="true"
12-->src\main\AndroidManifest.xml:6:9-35
13        android:appComponentFactory="androidx.core.app.CoreComponentFactory"
13-->[androidx.core:core:1.3.1] AndroidManifest.xml:24:18-86
14        android:debuggable="true"
15        android:icon="@drawable/oxford_university_logo"
15-->src\main\AndroidManifest.xml:7:9-56
16        android:label="@string/app_name"
16-->src\main\AndroidManifest.xml:8:9-41
17        android:roundIcon="@mipmap/ic_launcher_round"
17-->src\main\AndroidManifest.xml:9:9-54
18        android:supportsRtl="true"
18-->src\main\AndroidManifest.xml:10:9-35
19        android:testOnly="true"
20        android:theme="@style/AppTheme" >
20-->src\main\AndroidManifest.xml:11:9-40
21        <activity
21-->src\main\AndroidManifest.xml:12:9-20:20
22            android:name="com.example.app1.MainActivity"
22-->src\main\AndroidManifest.xml:12:19-47
23            android:screenOrientation="portrait"
23-->src\main\AndroidManifest.xml:14:13-49
24            android:theme="@style/Theme.AppCompat.NoActionBar" >
24-->src\main\AndroidManifest.xml:13:13-63
25            <intent-filter>
25-->src\main\AndroidManifest.xml:15:13-19:29
26                <action android:name="android.intent.action.MAIN" />
26-->src\main\AndroidManifest.xml:16:17-69
26-->src\main\AndroidManifest.xml:16:25-66
27
28                <category android:name="android.intent.category.LAUNCHER" />
28-->src\main\AndroidManifest.xml:18:17-77
28-->src\main\AndroidManifest.xml:18:27-74
29            </intent-filter>
30        </activity>
31        <activity
31-->src\main\AndroidManifest.xml:21:9-23:20
32            android:name="com.example.app1.LearningActivity"
32-->src\main\AndroidManifest.xml:21:19-51
33            android:theme="@style/Theme.AppCompat.NoActionBar" >
33-->src\main\AndroidManifest.xml:22:13-63
34        </activity>
35        <activity
35-->src\main\AndroidManifest.xml:24:9-26:20
36            android:name="com.example.app1.TranslationActivity"
36-->src\main\AndroidManifest.xml:24:19-54
37            android:theme="@style/Theme.AppCompat.NoActionBar" >
37-->src\main\AndroidManifest.xml:25:19-69
38        </activity>
39    </application>
40
41</manifest>